Converting: economics/the-2008-financial-crisis.md
  -> ./audio/economics/the-2008-financial-crisis.m4a
Converting: economics/the-great-depression.md
  -> ./audio/economics/the-great-depression.m4a
Converting: geography/the-british-empire.md
  -> ./audio/geography/the-british-empire.m4a
Converting: geography/the-silk-road.md
  -> ./audio/geography/the-silk-road.m4a
Converting: health-and-society/the-1918-flu-pandemic.md
  -> ./audio/health-and-society/the-1918-flu-pandemic.m4a
Converting: health-and-society/the-history-of-democracy.md
  -> ./audio/health-and-society/the-history-of-democracy.m4a
Converting: history/the-age-of-exploration.md
  -> ./audio/history/the-age-of-exploration.m4a
Converting: history/the-american-civil-war.md
  -> ./audio/history/the-american-civil-war.m4a
Converting: history/the-black-death.md
  -> ./audio/history/the-black-death.m4a
Converting: history/the-cold-war.md
  -> ./audio/history/the-cold-war.m4a
Converting: history/the-french-revolution.md
  -> ./audio/history/the-french-revolution.m4a
Converting: history/the-holocaust.md
  -> ./audio/history/the-holocaust.m4a
Converting: history/the-mongol-empire.md
  -> ./audio/history/the-mongol-empire.m4a
Converting: history/the-roman-empire.md
  -> ./audio/history/the-roman-empire.m4a
Converting: history/the-russian-revolution.md
  -> ./audio/history/the-russian-revolution.m4a
Converting: history/the-viking-age.md
  -> ./audio/history/the-viking-age.m4a
Converting: history/world-war-one.md
  -> ./audio/history/world-war-one.m4a
Converting: history/world-war-two.md
  -> ./audio/history/world-war-two.m4a
Converting: people/abraham-lincoln.md
  -> ./audio/people/abraham-lincoln.m4a
Converting: people/marie-curie.md
  -> ./audio/people/marie-curie.m4a
Converting: people/napoleon-bonaparte.md
  -> ./audio/people/napoleon-bonaparte.m4a
Converting: people/winston-churchill.md
  -> ./audio/people/winston-churchill.m4a
Converting: philosophy/ancient-greek-philosophy.md
  -> ./audio/philosophy/ancient-greek-philosophy.m4a
Converting: philosophy/the-enlightenment.md
  -> ./audio/philosophy/the-enlightenment.m4a
Converting: science/charles-darwin-evolution.md
  -> ./audio/science/charles-darwin-evolution.m4a
Converting: science/einstein-and-relativity.md
  -> ./audio/science/einstein-and-relativity.m4a
Converting: science/isaac-newton.md
  -> ./audio/science/isaac-newton.m4a
Converting: science/the-discovery-of-dna.md
  -> ./audio/science/the-discovery-of-dna.m4a
Converting: science/the-space-race.md
  -> ./audio/science/the-space-race.m4a
Converting: technology/the-history-of-the-internet.md
  -> ./audio/technology/the-history-of-the-internet.m4a
Converting: technology/the-industrial-revolution.md
  -> ./audio/technology/the-industrial-revolution.m4a
Done.
